000 (78914.000.000) 04/23 16:14:59 Job submitted from host: <192.168.100.50:7211?addrs=192.168.100.50-7211>
...
001 (78914.000.000) 04/23 16:15:09 Job executing on host: <192.168.100.69:22144?addrs=192.168.100.69-22144>
...
006 (78914.000.000) 04/23 16:15:09 Image size of job updated: 1000
	0  -  MemoryUsage of job (MB)
	0  -  ResidentSetSize of job (KB)
...
005 (78914.000.000) 04/23 16:15:09 Job terminated.
	(1) Normal termination (return value 2)
		Usr 0 00:00:00, Sys 0 00:00:00  -  Run Remote Usage
		Usr 0 00:00:00, Sys 0 00:00:00  -  Run Local Usage
		Usr 0 00:00:00, Sys 0 00:00:00  -  Total Remote Usage
		Usr 0 00:00:00, Sys 0 00:00:00  -  Total Local Usage
	0  -  Run Bytes Sent By Job
	0  -  Run Bytes Received By Job
	0  -  Total Bytes Sent By Job
	0  -  Total Bytes Received By Job
	Partitionable Resources :    Usage  Request Allocated
	   Cpus                 :                 1         1
	   Disk (KB)            :     1000     1000   4494159
	   Memory (MB)          :        0     2048      2048
...
000 (78915.000.000) 04/23 16:16:45 Job submitted from host: <192.168.100.50:7211?addrs=192.168.100.50-7211>
...
001 (78915.000.000) 04/23 16:16:46 Job executing on host: <192.168.100.69:22144?addrs=192.168.100.69-22144>
...
006 (78915.000.000) 04/23 16:16:46 Image size of job updated: 1000
	0  -  MemoryUsage of job (MB)
	0  -  ResidentSetSize of job (KB)
...
005 (78915.000.000) 04/23 16:16:46 Job terminated.
	(1) Normal termination (return value 2)
		Usr 0 00:00:00, Sys 0 00:00:00  -  Run Remote Usage
		Usr 0 00:00:00, Sys 0 00:00:00  -  Run Local Usage
		Usr 0 00:00:00, Sys 0 00:00:00  -  Total Remote Usage
		Usr 0 00:00:00, Sys 0 00:00:00  -  Total Local Usage
	0  -  Run Bytes Sent By Job
	0  -  Run Bytes Received By Job
	0  -  Total Bytes Sent By Job
	0  -  Total Bytes Received By Job
	Partitionable Resources :    Usage  Request Allocated
	   Cpus                 :                 1         1
	   Disk (KB)            :     1000     1000   4494168
	   Memory (MB)          :        0     2048      2048
...
000 (78916.000.000) 04/23 16:17:51 Job submitted from host: <192.168.100.50:7211?addrs=192.168.100.50-7211>
...
001 (78916.000.000) 04/23 16:18:10 Job executing on host: <192.168.100.69:22144?addrs=192.168.100.69-22144>
...
006 (78916.000.000) 04/23 16:18:10 Image size of job updated: 1000
	0  -  MemoryUsage of job (MB)
	0  -  ResidentSetSize of job (KB)
...
005 (78916.000.000) 04/23 16:18:10 Job terminated.
	(1) Normal termination (return value 2)
		Usr 0 00:00:00, Sys 0 00:00:00  -  Run Remote Usage
		Usr 0 00:00:00, Sys 0 00:00:00  -  Run Local Usage
		Usr 0 00:00:00, Sys 0 00:00:00  -  Total Remote Usage
		Usr 0 00:00:00, Sys 0 00:00:00  -  Total Local Usage
	0  -  Run Bytes Sent By Job
	0  -  Run Bytes Received By Job
	0  -  Total Bytes Sent By Job
	0  -  Total Bytes Received By Job
	Partitionable Resources :    Usage  Request Allocated
	   Cpus                 :                 1         1
	   Disk (KB)            :     1000     1000   4494168
	   Memory (MB)          :        0     2048      2048
...
000 (78917.000.000) 04/23 16:20:13 Job submitted from host: <192.168.100.50:7211?addrs=192.168.100.50-7211>
...
001 (78917.000.000) 04/23 16:20:41 Job executing on host: <192.168.100.53:2427?addrs=192.168.100.53-2427>
...
006 (78917.000.000) 04/23 16:20:42 Image size of job updated: 1000
	0  -  MemoryUsage of job (MB)
	0  -  ResidentSetSize of job (KB)
...
005 (78917.000.000) 04/23 16:20:42 Job terminated.
	(1) Normal termination (return value 1)
		Usr 0 00:00:00, Sys 0 00:00:00  -  Run Remote Usage
		Usr 0 00:00:00, Sys 0 00:00:00  -  Run Local Usage
		Usr 0 00:00:00, Sys 0 00:00:00  -  Total Remote Usage
		Usr 0 00:00:00, Sys 0 00:00:00  -  Total Local Usage
	0  -  Run Bytes Sent By Job
	0  -  Run Bytes Received By Job
	0  -  Total Bytes Sent By Job
	0  -  Total Bytes Received By Job
	Partitionable Resources :    Usage  Request Allocated
	   Cpus                 :                 1         1
	   Disk (KB)            :     1000     1000   2033629
	   Memory (MB)          :        0     2048      2048
...
000 (78919.000.000) 04/23 16:23:14 Job submitted from host: <192.168.100.50:7211?addrs=192.168.100.50-7211>
...
001 (78919.000.000) 04/23 16:23:16 Job executing on host: <192.168.100.69:22144?addrs=192.168.100.69-22144>
...
007 (78919.000.000) 04/23 16:23:16 Shadow exception!
	Error from slot1@patas-n19.ling.washington.edu: Failed to execute '/home2/auholmes/Ling573Project/cd src /usr/bin/bash' with arguments src/D2.sh: (errno=2: 'No such file or directory')
	0  -  Run Bytes Sent By Job
	0  -  Run Bytes Received By Job
...
012 (78919.000.000) 04/23 16:23:16 Job was held.
	Error from slot1@patas-n19.ling.washington.edu: Failed to execute '/home2/auholmes/Ling573Project/cd src /usr/bin/bash' with arguments src/D2.sh: (errno=2: 'No such file or directory')
	Code 6 Subcode 2
...
009 (78919.000.000) 04/23 16:23:29 Job was aborted by the user.
	via condor_rm (by user auholmes)
...
000 (78920.000.000) 04/23 16:25:17 Job submitted from host: <192.168.100.50:7211?addrs=192.168.100.50-7211>
...
001 (78920.000.000) 04/23 16:25:20 Job executing on host: <192.168.100.69:22144?addrs=192.168.100.69-22144>
...
006 (78920.000.000) 04/23 16:25:20 Image size of job updated: 1000
	0  -  MemoryUsage of job (MB)
	0  -  ResidentSetSize of job (KB)
...
005 (78920.000.000) 04/23 16:25:20 Job terminated.
	(1) Normal termination (return value 127)
		Usr 0 00:00:00, Sys 0 00:00:00  -  Run Remote Usage
		Usr 0 00:00:00, Sys 0 00:00:00  -  Run Local Usage
		Usr 0 00:00:00, Sys 0 00:00:00  -  Total Remote Usage
		Usr 0 00:00:00, Sys 0 00:00:00  -  Total Local Usage
	0  -  Run Bytes Sent By Job
	0  -  Run Bytes Received By Job
	0  -  Total Bytes Sent By Job
	0  -  Total Bytes Received By Job
	Partitionable Resources :    Usage  Request Allocated
	   Cpus                 :                 1         1
	   Disk (KB)            :     1000     1000   4494168
	   Memory (MB)          :        0     2048      2048
...
000 (78921.000.000) 04/23 16:25:55 Job submitted from host: <192.168.100.50:7211?addrs=192.168.100.50-7211>
...
001 (78921.000.000) 04/23 16:26:18 Job executing on host: <192.168.100.69:22144?addrs=192.168.100.69-22144>
...
006 (78921.000.000) 04/23 16:26:20 Image size of job updated: 1000
	0  -  MemoryUsage of job (MB)
	0  -  ResidentSetSize of job (KB)
...
005 (78921.000.000) 04/23 16:26:20 Job terminated.
	(1) Normal termination (return value 1)
		Usr 0 00:00:00, Sys 0 00:00:00  -  Run Remote Usage
		Usr 0 00:00:00, Sys 0 00:00:00  -  Run Local Usage
		Usr 0 00:00:00, Sys 0 00:00:00  -  Total Remote Usage
		Usr 0 00:00:00, Sys 0 00:00:00  -  Total Local Usage
	0  -  Run Bytes Sent By Job
	0  -  Run Bytes Received By Job
	0  -  Total Bytes Sent By Job
	0  -  Total Bytes Received By Job
	Partitionable Resources :    Usage  Request Allocated
	   Cpus                 :                 1         1
	   Disk (KB)            :     1000     1000   4494168
	   Memory (MB)          :        0     2048      2048
...
000 (78922.000.000) 04/23 16:27:27 Job submitted from host: <192.168.100.50:7211?addrs=192.168.100.50-7211>
...
001 (78922.000.000) 04/23 16:27:42 Job executing on host: <192.168.100.69:22144?addrs=192.168.100.69-22144>
...
006 (78922.000.000) 04/23 16:27:44 Image size of job updated: 1000
	0  -  MemoryUsage of job (MB)
	0  -  ResidentSetSize of job (KB)
...
005 (78922.000.000) 04/23 16:27:44 Job terminated.
	(1) Normal termination (return value 1)
		Usr 0 00:00:00, Sys 0 00:00:00  -  Run Remote Usage
		Usr 0 00:00:00, Sys 0 00:00:00  -  Run Local Usage
		Usr 0 00:00:00, Sys 0 00:00:00  -  Total Remote Usage
		Usr 0 00:00:00, Sys 0 00:00:00  -  Total Local Usage
	0  -  Run Bytes Sent By Job
	0  -  Run Bytes Received By Job
	0  -  Total Bytes Sent By Job
	0  -  Total Bytes Received By Job
	Partitionable Resources :    Usage  Request Allocated
	   Cpus                 :                 1         1
	   Disk (KB)            :     1000     1000   4494167
	   Memory (MB)          :        0     2048      2048
...
000 (78923.000.000) 04/23 16:29:09 Job submitted from host: <192.168.100.50:7211?addrs=192.168.100.50-7211>
...
001 (78923.000.000) 04/23 16:29:10 Job executing on host: <192.168.100.69:22144?addrs=192.168.100.69-22144>
...
006 (78923.000.000) 04/23 16:29:11 Image size of job updated: 1000
	0  -  MemoryUsage of job (MB)
	0  -  ResidentSetSize of job (KB)
...
005 (78923.000.000) 04/23 16:29:11 Job terminated.
	(1) Normal termination (return value 1)
		Usr 0 00:00:00, Sys 0 00:00:00  -  Run Remote Usage
		Usr 0 00:00:00, Sys 0 00:00:00  -  Run Local Usage
		Usr 0 00:00:00, Sys 0 00:00:00  -  Total Remote Usage
		Usr 0 00:00:00, Sys 0 00:00:00  -  Total Local Usage
	0  -  Run Bytes Sent By Job
	0  -  Run Bytes Received By Job
	0  -  Total Bytes Sent By Job
	0  -  Total Bytes Received By Job
	Partitionable Resources :    Usage  Request Allocated
	   Cpus                 :                 1         1
	   Disk (KB)            :     1000     1000   4494167
	   Memory (MB)          :        0     2048      2048
...
000 (78924.000.000) 04/23 16:29:56 Job submitted from host: <192.168.100.50:7211?addrs=192.168.100.50-7211>
...
001 (78924.000.000) 04/23 16:30:02 Job executing on host: <192.168.100.69:22144?addrs=192.168.100.69-22144>
...
006 (78924.000.000) 04/23 16:30:11 Image size of job updated: 763524
	77  -  MemoryUsage of job (MB)
	78368  -  ResidentSetSize of job (KB)
...
005 (78924.000.000) 04/23 16:30:14 Job terminated.
	(1) Normal termination (return value 1)
		Usr 0 00:00:05, Sys 0 00:00:00  -  Run Remote Usage
		Usr 0 00:00:00, Sys 0 00:00:00  -  Run Local Usage
		Usr 0 00:00:05, Sys 0 00:00:00  -  Total Remote Usage
		Usr 0 00:00:00, Sys 0 00:00:00  -  Total Local Usage
	0  -  Run Bytes Sent By Job
	0  -  Run Bytes Received By Job
	0  -  Total Bytes Sent By Job
	0  -  Total Bytes Received By Job
	Partitionable Resources :    Usage  Request Allocated
	   Cpus                 :                 1         1
	   Disk (KB)            :     1000     1000   4494167
	   Memory (MB)          :       77     2048      2048
...
000 (78925.000.000) 04/23 16:31:45 Job submitted from host: <192.168.100.50:7211?addrs=192.168.100.50-7211>
...
001 (78925.000.000) 04/23 16:32:03 Job executing on host: <192.168.100.69:22144?addrs=192.168.100.69-22144>
...
006 (78925.000.000) 04/23 16:32:12 Image size of job updated: 763292
	77  -  MemoryUsage of job (MB)
	78384  -  ResidentSetSize of job (KB)
...
005 (78925.000.000) 04/23 16:32:15 Job terminated.
	(1) Normal termination (return value 1)
		Usr 0 00:00:04, Sys 0 00:00:00  -  Run Remote Usage
		Usr 0 00:00:00, Sys 0 00:00:00  -  Run Local Usage
		Usr 0 00:00:04, Sys 0 00:00:00  -  Total Remote Usage
		Usr 0 00:00:00, Sys 0 00:00:00  -  Total Local Usage
	0  -  Run Bytes Sent By Job
	0  -  Run Bytes Received By Job
	0  -  Total Bytes Sent By Job
	0  -  Total Bytes Received By Job
	Partitionable Resources :    Usage  Request Allocated
	   Cpus                 :                 1         1
	   Disk (KB)            :     1000     1000   4494167
	   Memory (MB)          :       77     2048      2048
...
000 (78926.000.000) 04/23 16:33:10 Job submitted from host: <192.168.100.50:7211?addrs=192.168.100.50-7211>
...
001 (78926.000.000) 04/23 16:33:27 Job executing on host: <192.168.100.69:22144?addrs=192.168.100.69-22144>
...
006 (78926.000.000) 04/23 16:33:36 Image size of job updated: 1000
	2  -  MemoryUsage of job (MB)
	1780  -  ResidentSetSize of job (KB)
...
005 (78926.000.000) 04/23 16:33:37 Job terminated.
	(1) Normal termination (return value 0)
		Usr 0 00:00:00, Sys 0 00:00:00  -  Run Remote Usage
		Usr 0 00:00:00, Sys 0 00:00:00  -  Run Local Usage
		Usr 0 00:00:00, Sys 0 00:00:00  -  Total Remote Usage
		Usr 0 00:00:00, Sys 0 00:00:00  -  Total Local Usage
	0  -  Run Bytes Sent By Job
	0  -  Run Bytes Received By Job
	0  -  Total Bytes Sent By Job
	0  -  Total Bytes Received By Job
	Partitionable Resources :    Usage  Request Allocated
	   Cpus                 :                 1         1
	   Disk (KB)            :     1000     1000   4494167
	   Memory (MB)          :        2     2048      2048
...
