000 (84831.000.000) 05/14 10:00:26 Job submitted from host: <192.168.100.50:7211?addrs=192.168.100.50-7211>
...
001 (84831.000.000) 05/14 10:00:43 Job executing on host: <192.168.100.52:7999?addrs=192.168.100.52-7999>
...
006 (84831.000.000) 05/14 10:00:50 Image size of job updated: 1000
	0  -  MemoryUsage of job (MB)
	0  -  ResidentSetSize of job (KB)
...
005 (84831.000.000) 05/14 10:00:50 Job terminated.
	(1) Normal termination (return value 0)
		Usr 0 00:00:00, Sys 0 00:00:00  -  Run Remote Usage
		Usr 0 00:00:00, Sys 0 00:00:00  -  Run Local Usage
		Usr 0 00:00:00, Sys 0 00:00:00  -  Total Remote Usage
		Usr 0 00:00:00, Sys 0 00:00:00  -  Total Local Usage
	0  -  Run Bytes Sent By Job
	0  -  Run Bytes Received By Job
	0  -  Total Bytes Sent By Job
	0  -  Total Bytes Received By Job
	Partitionable Resources :    Usage  Request Allocated
	   Cpus                 :                 1         1
	   Disk (KB)            :     1000     1000    604569
	   Memory (MB)          :        0     2048      2048
...
