000 (87057.000.000) 05/27 13:31:53 Job submitted from host: <192.168.100.50:7211?addrs=192.168.100.50-7211>
...
001 (87057.000.000) 05/27 13:31:54 Job executing on host: <192.168.100.52:7999?addrs=192.168.100.52-7999>
...
006 (87057.000.000) 05/27 13:32:02 Image size of job updated: 1000
	0  -  MemoryUsage of job (MB)
	0  -  ResidentSetSize of job (KB)
...
005 (87057.000.000) 05/27 13:32:02 Job terminated.
	(1) Normal termination (return value 0)
		Usr 0 00:00:00, Sys 0 00:00:00  -  Run Remote Usage
		Usr 0 00:00:00, Sys 0 00:00:00  -  Run Local Usage
		Usr 0 00:00:00, Sys 0 00:00:00  -  Total Remote Usage
		Usr 0 00:00:00, Sys 0 00:00:00  -  Total Local Usage
	0  -  Run Bytes Sent By Job
	0  -  Run Bytes Received By Job
	0  -  Total Bytes Sent By Job
	0  -  Total Bytes Received By Job
	Partitionable Resources :    Usage  Request Allocated
	   Cpus                 :                 1         1
	   Disk (KB)            :     1000     1000    604313
	   Memory (MB)          :        0     2048      2048
...
000 (87123.000.000) 05/27 19:41:43 Job submitted from host: <192.168.100.50:7211?addrs=192.168.100.50-7211>
...
001 (87123.000.000) 05/27 19:41:52 Job executing on host: <192.168.100.52:7999?addrs=192.168.100.52-7999>
...
006 (87123.000.000) 05/27 19:42:01 Image size of job updated: 747636
	80  -  MemoryUsage of job (MB)
	81832  -  ResidentSetSize of job (KB)
...
006 (87123.000.000) 05/27 19:47:02 Image size of job updated: 4652760
	209  -  MemoryUsage of job (MB)
	213436  -  ResidentSetSize of job (KB)
...
006 (87123.000.000) 05/27 19:52:03 Image size of job updated: 4654808
	244  -  MemoryUsage of job (MB)
	249364  -  ResidentSetSize of job (KB)
...
006 (87123.000.000) 05/27 19:56:34 Image size of job updated: 4654948
	244  -  MemoryUsage of job (MB)
	249364  -  ResidentSetSize of job (KB)
...
005 (87123.000.000) 05/27 19:56:34 Job terminated.
	(1) Normal termination (return value 0)
		Usr 0 00:00:48, Sys 0 00:00:02  -  Run Remote Usage
		Usr 0 00:00:00, Sys 0 00:00:00  -  Run Local Usage
		Usr 0 00:00:48, Sys 0 00:00:02  -  Total Remote Usage
		Usr 0 00:00:00, Sys 0 00:00:00  -  Total Local Usage
	0  -  Run Bytes Sent By Job
	0  -  Run Bytes Received By Job
	0  -  Total Bytes Sent By Job
	0  -  Total Bytes Received By Job
	Partitionable Resources :    Usage  Request Allocated
	   Cpus                 :                 1         1
	   Disk (KB)            :     1000     1000    604297
	   Memory (MB)          :      244     2048      2048
...
