---------------------------------------------
1 ROUGE-1 Average_R: 0.25785 (95%-conf.int. 0.23436 - 0.28071)
1 ROUGE-1 Average_P: 0.30438 (95%-conf.int. 0.28248 - 0.32660)
1 ROUGE-1 Average_F: 0.27813 (95%-conf.int. 0.25542 - 0.30140)
.............................................
1 ROUGE-1 Eval D1001-A.M.100.A.1 R:0.30041 P:0.38021 F:0.33563
1 ROUGE-1 Eval D1002-A.M.100.A.1 R:0.41004 P:0.43750 F:0.42333
1 ROUGE-1 Eval D1003-A.M.100.A.1 R:0.22944 P:0.25481 F:0.24146
1 ROUGE-1 Eval D1004-A.M.100.A.1 R:0.32645 P:0.31855 F:0.32245
1 ROUGE-1 Eval D1005-A.M.100.A.1 R:0.18443 P:0.21226 F:0.19737
1 ROUGE-1 Eval D1006-A.M.100.A.1 R:0.21073 P:0.34375 F:0.26128
1 ROUGE-1 Eval D1007-A.M.100.B.1 R:0.33333 P:0.36058 F:0.34642
1 ROUGE-1 Eval D1008-A.M.100.B.1 R:0.18548 P:0.31081 F:0.23232
1 ROUGE-1 Eval D1009-A.M.100.B.1 R:0.45133 P:0.48113 F:0.46575
1 ROUGE-1 Eval D1010-A.M.100.B.1 R:0.20000 P:0.26042 F:0.22625
1 ROUGE-1 Eval D1011-A.M.100.C.1 R:0.14655 P:0.19767 F:0.16831
1 ROUGE-1 Eval D1012-A.M.100.C.1 R:0.34553 P:0.37946 F:0.36170
1 ROUGE-1 Eval D1013-A.M.100.C.1 R:0.27711 P:0.37500 F:0.31871
1 ROUGE-1 Eval D1014-A.M.100.C.1 R:0.15481 P:0.16818 F:0.16122
1 ROUGE-1 Eval D1015-A.M.100.C.1 R:0.27170 P:0.33333 F:0.29938
1 ROUGE-1 Eval D1016-A.M.100.C.1 R:0.34529 P:0.35648 F:0.35080
1 ROUGE-1 Eval D1017-A.M.100.D.1 R:0.21224 P:0.24528 F:0.22757
1 ROUGE-1 Eval D1018-A.M.100.D.1 R:0.29289 P:0.34314 F:0.31603
1 ROUGE-1 Eval D1019-A.M.100.D.1 R:0.32083 P:0.36321 F:0.34071
1 ROUGE-1 Eval D1020-A.M.100.D.1 R:0.15702 P:0.21111 F:0.18009
1 ROUGE-1 Eval D1021-A.M.100.D.1 R:0.31780 P:0.37500 F:0.34404
1 ROUGE-1 Eval D1022-A.M.100.D.1 R:0.34310 P:0.33607 F:0.33955
1 ROUGE-1 Eval D1023-A.M.100.E.1 R:0.21901 P:0.26500 F:0.23982
1 ROUGE-1 Eval D1024-A.M.100.E.1 R:0.15000 P:0.18367 F:0.16514
1 ROUGE-1 Eval D1025-A.M.100.E.1 R:0.31858 P:0.35294 F:0.33488
1 ROUGE-1 Eval D1026-A.M.100.E.1 R:0.16667 P:0.18750 F:0.17647
1 ROUGE-1 Eval D1027-A.M.100.E.1 R:0.36905 P:0.40086 F:0.38430
1 ROUGE-1 Eval D1028-A.M.100.E.1 R:0.34583 P:0.39904 F:0.37053
1 ROUGE-1 Eval D1029-A.M.100.F.1 R:0.25833 P:0.26271 F:0.26050
1 ROUGE-1 Eval D1030-A.M.100.F.1 R:0.08730 P:0.14103 F:0.10784
1 ROUGE-1 Eval D1031-A.M.100.F.1 R:0.15918 P:0.19500 F:0.17528
1 ROUGE-1 Eval D1032-A.M.100.F.1 R:0.32824 P:0.35833 F:0.34263
1 ROUGE-1 Eval D1033-A.M.100.F.1 R:0.32231 P:0.31967 F:0.32098
1 ROUGE-1 Eval D1034-A.M.100.F.1 R:0.15638 P:0.17925 F:0.16704
1 ROUGE-1 Eval D1035-A.M.100.G.1 R:0.22764 P:0.34146 F:0.27317
1 ROUGE-1 Eval D1036-A.M.100.G.1 R:0.21224 P:0.25490 F:0.23162
1 ROUGE-1 Eval D1037-A.M.100.G.1 R:0.25463 P:0.32738 F:0.28646
1 ROUGE-1 Eval D1038-A.M.100.G.1 R:0.20000 P:0.25500 F:0.22418
1 ROUGE-1 Eval D1039-A.M.100.G.1 R:0.30612 P:0.38265 F:0.34013
1 ROUGE-1 Eval D1040-A.M.100.G.1 R:0.18723 P:0.25000 F:0.21411
1 ROUGE-1 Eval D1041-A.M.100.H.1 R:0.22835 P:0.30851 F:0.26245
1 ROUGE-1 Eval D1042-A.M.100.H.1 R:0.26009 P:0.31522 F:0.28501
1 ROUGE-1 Eval D1043-A.M.100.H.1 R:0.29237 P:0.30263 F:0.29741
1 ROUGE-1 Eval D1044-A.M.100.H.1 R:0.25738 P:0.35465 F:0.29829
1 ROUGE-1 Eval D1045-A.M.100.H.1 R:0.31496 P:0.36364 F:0.33755
1 ROUGE-1 Eval D1046-A.M.100.H.1 R:0.23228 P:0.25431 F:0.24280
---------------------------------------------
1 ROUGE-2 Average_R: 0.07108 (95%-conf.int. 0.05840 - 0.08375)
1 ROUGE-2 Average_P: 0.08304 (95%-conf.int. 0.06955 - 0.09608)
1 ROUGE-2 Average_F: 0.07632 (95%-conf.int. 0.06330 - 0.08915)
.............................................
1 ROUGE-2 Eval D1001-A.M.100.A.1 R:0.10879 P:0.13830 F:0.12178
1 ROUGE-2 Eval D1002-A.M.100.A.1 R:0.17447 P:0.18636 F:0.18022
1 ROUGE-2 Eval D1003-A.M.100.A.1 R:0.06608 P:0.07353 F:0.06961
1 ROUGE-2 Eval D1004-A.M.100.A.1 R:0.07143 P:0.06967 F:0.07054
1 ROUGE-2 Eval D1005-A.M.100.A.1 R:0.04583 P:0.05288 F:0.04910
1 ROUGE-2 Eval D1006-A.M.100.A.1 R:0.05058 P:0.08333 F:0.06295
1 ROUGE-2 Eval D1007-A.M.100.B.1 R:0.09050 P:0.09804 F:0.09412
1 ROUGE-2 Eval D1008-A.M.100.B.1 R:0.02049 P:0.03472 F:0.02577
1 ROUGE-2 Eval D1009-A.M.100.B.1 R:0.17568 P:0.18750 F:0.18140
1 ROUGE-2 Eval D1010-A.M.100.B.1 R:0.08130 P:0.10638 F:0.09216
1 ROUGE-2 Eval D1011-A.M.100.C.1 R:0.05263 P:0.07143 F:0.06061
1 ROUGE-2 Eval D1012-A.M.100.C.1 R:0.10331 P:0.11364 F:0.10823
1 ROUGE-2 Eval D1013-A.M.100.C.1 R:0.10612 P:0.14444 F:0.12235
1 ROUGE-2 Eval D1014-A.M.100.C.1 R:0.00851 P:0.00926 F:0.00887
1 ROUGE-2 Eval D1015-A.M.100.C.1 R:0.10345 P:0.12736 F:0.11417
1 ROUGE-2 Eval D1016-A.M.100.C.1 R:0.10046 P:0.10377 F:0.10209
1 ROUGE-2 Eval D1017-A.M.100.D.1 R:0.03734 P:0.04327 F:0.04009
1 ROUGE-2 Eval D1018-A.M.100.D.1 R:0.10638 P:0.12500 F:0.11494
1 ROUGE-2 Eval D1019-A.M.100.D.1 R:0.04661 P:0.05288 F:0.04955
1 ROUGE-2 Eval D1020-A.M.100.D.1 R:0.02941 P:0.03977 F:0.03381
1 ROUGE-2 Eval D1021-A.M.100.D.1 R:0.09914 P:0.11735 F:0.10748
1 ROUGE-2 Eval D1022-A.M.100.D.1 R:0.15319 P:0.15000 F:0.15158
1 ROUGE-2 Eval D1023-A.M.100.E.1 R:0.02941 P:0.03571 F:0.03226
1 ROUGE-2 Eval D1024-A.M.100.E.1 R:0.01695 P:0.02083 F:0.01869
1 ROUGE-2 Eval D1025-A.M.100.E.1 R:0.09009 P:0.10000 F:0.09479
1 ROUGE-2 Eval D1026-A.M.100.E.1 R:0.03043 P:0.03431 F:0.03225
1 ROUGE-2 Eval D1027-A.M.100.E.1 R:0.14919 P:0.16228 F:0.15546
1 ROUGE-2 Eval D1028-A.M.100.E.1 R:0.08051 P:0.09314 F:0.08637
1 ROUGE-2 Eval D1029-A.M.100.F.1 R:0.05085 P:0.05172 F:0.05128
1 ROUGE-2 Eval D1030-A.M.100.F.1 R:0.01210 P:0.01974 F:0.01500
1 ROUGE-2 Eval D1031-A.M.100.F.1 R:0.01660 P:0.02041 F:0.01831
1 ROUGE-2 Eval D1032-A.M.100.F.1 R:0.10078 P:0.11017 F:0.10527
1 ROUGE-2 Eval D1033-A.M.100.F.1 R:0.12185 P:0.12083 F:0.12134
1 ROUGE-2 Eval D1034-A.M.100.F.1 R:0.02510 P:0.02885 F:0.02684
1 ROUGE-2 Eval D1035-A.M.100.G.1 R:0.04959 P:0.07500 F:0.05970
1 ROUGE-2 Eval D1036-A.M.100.G.1 R:0.00415 P:0.00500 F:0.00454
1 ROUGE-2 Eval D1037-A.M.100.G.1 R:0.04717 P:0.06098 F:0.05319
1 ROUGE-2 Eval D1038-A.M.100.G.1 R:0.05179 P:0.06633 F:0.05817
1 ROUGE-2 Eval D1039-A.M.100.G.1 R:0.09129 P:0.11458 F:0.10162
1 ROUGE-2 Eval D1040-A.M.100.G.1 R:0.02597 P:0.03488 F:0.02977
1 ROUGE-2 Eval D1041-A.M.100.H.1 R:0.09200 P:0.12500 F:0.10599
1 ROUGE-2 Eval D1042-A.M.100.H.1 R:0.07763 P:0.09444 F:0.08521
1 ROUGE-2 Eval D1043-A.M.100.H.1 R:0.12500 P:0.12946 F:0.12719
1 ROUGE-2 Eval D1044-A.M.100.H.1 R:0.06009 P:0.08333 F:0.06983
1 ROUGE-2 Eval D1045-A.M.100.H.1 R:0.05600 P:0.06481 F:0.06008
1 ROUGE-2 Eval D1046-A.M.100.H.1 R:0.04400 P:0.04825 F:0.04603
---------------------------------------------
1 ROUGE-3 Average_R: 0.02438 (95%-conf.int. 0.01799 - 0.03117)
1 ROUGE-3 Average_P: 0.02816 (95%-conf.int. 0.02103 - 0.03505)
1 ROUGE-3 Average_F: 0.02605 (95%-conf.int. 0.01951 - 0.03283)
.............................................
1 ROUGE-3 Eval D1001-A.M.100.A.1 R:0.04681 P:0.05978 F:0.05251
1 ROUGE-3 Eval D1002-A.M.100.A.1 R:0.06494 P:0.06944 F:0.06711
1 ROUGE-3 Eval D1003-A.M.100.A.1 R:0.01345 P:0.01500 F:0.01418
1 ROUGE-3 Eval D1004-A.M.100.A.1 R:0.02137 P:0.02083 F:0.02110
1 ROUGE-3 Eval D1005-A.M.100.A.1 R:0.02542 P:0.02941 F:0.02727
1 ROUGE-3 Eval D1006-A.M.100.A.1 R:0.01581 P:0.02632 F:0.01975
1 ROUGE-3 Eval D1007-A.M.100.B.1 R:0.02765 P:0.03000 F:0.02878
1 ROUGE-3 Eval D1008-A.M.100.B.1 R:0.00000 P:0.00000 F:0.00000
1 ROUGE-3 Eval D1009-A.M.100.B.1 R:0.05963 P:0.06373 F:0.06161
1 ROUGE-3 Eval D1010-A.M.100.B.1 R:0.04959 P:0.06522 F:0.05634
1 ROUGE-3 Eval D1011-A.M.100.C.1 R:0.00000 P:0.00000 F:0.00000
1 ROUGE-3 Eval D1012-A.M.100.C.1 R:0.04622 P:0.05093 F:0.04846
1 ROUGE-3 Eval D1013-A.M.100.C.1 R:0.03320 P:0.04545 F:0.03837
1 ROUGE-3 Eval D1014-A.M.100.C.1 R:0.00000 P:0.00000 F:0.00000
1 ROUGE-3 Eval D1015-A.M.100.C.1 R:0.05058 P:0.06250 F:0.05591
1 ROUGE-3 Eval D1016-A.M.100.C.1 R:0.03721 P:0.03846 F:0.03782
1 ROUGE-3 Eval D1017-A.M.100.D.1 R:0.00844 P:0.00980 F:0.00907
1 ROUGE-3 Eval D1018-A.M.100.D.1 R:0.06061 P:0.07143 F:0.06558
1 ROUGE-3 Eval D1019-A.M.100.D.1 R:0.00000 P:0.00000 F:0.00000
1 ROUGE-3 Eval D1020-A.M.100.D.1 R:0.00855 P:0.01163 F:0.00985
1 ROUGE-3 Eval D1021-A.M.100.D.1 R:0.02193 P:0.02604 F:0.02381
1 ROUGE-3 Eval D1022-A.M.100.D.1 R:0.06494 P:0.06356 F:0.06424
1 ROUGE-3 Eval D1023-A.M.100.E.1 R:0.00855 P:0.01042 F:0.00939
1 ROUGE-3 Eval D1024-A.M.100.E.1 R:0.00000 P:0.00000 F:0.00000
1 ROUGE-3 Eval D1025-A.M.100.E.1 R:0.03670 P:0.04082 F:0.03865
1 ROUGE-3 Eval D1026-A.M.100.E.1 R:0.00885 P:0.01000 F:0.00939
1 ROUGE-3 Eval D1027-A.M.100.E.1 R:0.04508 P:0.04911 F:0.04701
1 ROUGE-3 Eval D1028-A.M.100.E.1 R:0.01293 P:0.01500 F:0.01389
1 ROUGE-3 Eval D1029-A.M.100.F.1 R:0.00862 P:0.00877 F:0.00869
1 ROUGE-3 Eval D1030-A.M.100.F.1 R:0.00000 P:0.00000 F:0.00000
1 ROUGE-3 Eval D1031-A.M.100.F.1 R:0.00000 P:0.00000 F:0.00000
1 ROUGE-3 Eval D1032-A.M.100.F.1 R:0.05118 P:0.05603 F:0.05350
1 ROUGE-3 Eval D1033-A.M.100.F.1 R:0.05983 P:0.05932 F:0.05957
1 ROUGE-3 Eval D1034-A.M.100.F.1 R:0.00000 P:0.00000 F:0.00000
1 ROUGE-3 Eval D1035-A.M.100.G.1 R:0.00840 P:0.01282 F:0.01015
1 ROUGE-3 Eval D1036-A.M.100.G.1 R:0.00000 P:0.00000 F:0.00000
1 ROUGE-3 Eval D1037-A.M.100.G.1 R:0.00481 P:0.00625 F:0.00544
1 ROUGE-3 Eval D1038-A.M.100.G.1 R:0.01619 P:0.02083 F:0.01822
1 ROUGE-3 Eval D1039-A.M.100.G.1 R:0.03376 P:0.04255 F:0.03765
1 ROUGE-3 Eval D1040-A.M.100.G.1 R:0.00881 P:0.01190 F:0.01012
1 ROUGE-3 Eval D1041-A.M.100.H.1 R:0.02439 P:0.03333 F:0.02817
1 ROUGE-3 Eval D1042-A.M.100.H.1 R:0.01860 P:0.02273 F:0.02046
1 ROUGE-3 Eval D1043-A.M.100.H.1 R:0.07895 P:0.08182 F:0.08036
1 ROUGE-3 Eval D1044-A.M.100.H.1 R:0.03057 P:0.04268 F:0.03562
1 ROUGE-3 Eval D1045-A.M.100.H.1 R:0.00813 P:0.00943 F:0.00873
1 ROUGE-3 Eval D1046-A.M.100.H.1 R:0.00407 P:0.00446 F:0.00426
---------------------------------------------
1 ROUGE-4 Average_R: 0.00847 (95%-conf.int. 0.00546 - 0.01180)
1 ROUGE-4 Average_P: 0.00981 (95%-conf.int. 0.00632 - 0.01370)
1 ROUGE-4 Average_F: 0.00906 (95%-conf.int. 0.00589 - 0.01262)
.............................................
1 ROUGE-4 Eval D1001-A.M.100.A.1 R:0.01732 P:0.02222 F:0.01947
1 ROUGE-4 Eval D1002-A.M.100.A.1 R:0.03084 P:0.03302 F:0.03189
1 ROUGE-4 Eval D1003-A.M.100.A.1 R:0.00457 P:0.00510 F:0.00482
1 ROUGE-4 Eval D1004-A.M.100.A.1 R:0.01304 P:0.01271 F:0.01287
1 ROUGE-4 Eval D1005-A.M.100.A.1 R:0.00862 P:0.01000 F:0.00926
1 ROUGE-4 Eval D1006-A.M.100.A.1 R:0.00000 P:0.00000 F:0.00000
1 ROUGE-4 Eval D1007-A.M.100.B.1 R:0.00469 P:0.00510 F:0.00489
1 ROUGE-4 Eval D1008-A.M.100.B.1 R:0.00000 P:0.00000 F:0.00000
1 ROUGE-4 Eval D1009-A.M.100.B.1 R:0.02336 P:0.02500 F:0.02415
1 ROUGE-4 Eval D1010-A.M.100.B.1 R:0.02101 P:0.02778 F:0.02393
1 ROUGE-4 Eval D1011-A.M.100.C.1 R:0.00000 P:0.00000 F:0.00000
1 ROUGE-4 Eval D1012-A.M.100.C.1 R:0.01282 P:0.01415 F:0.01345
1 ROUGE-4 Eval D1013-A.M.100.C.1 R:0.01688 P:0.02326 F:0.01956
1 ROUGE-4 Eval D1014-A.M.100.C.1 R:0.00000 P:0.00000 F:0.00000
1 ROUGE-4 Eval D1015-A.M.100.C.1 R:0.03162 P:0.03922 F:0.03501
1 ROUGE-4 Eval D1016-A.M.100.C.1 R:0.00474 P:0.00490 F:0.00482
1 ROUGE-4 Eval D1017-A.M.100.D.1 R:0.00000 P:0.00000 F:0.00000
1 ROUGE-4 Eval D1018-A.M.100.D.1 R:0.02643 P:0.03125 F:0.02864
1 ROUGE-4 Eval D1019-A.M.100.D.1 R:0.00000 P:0.00000 F:0.00000
1 ROUGE-4 Eval D1020-A.M.100.D.1 R:0.00435 P:0.00595 F:0.00503
1 ROUGE-4 Eval D1021-A.M.100.D.1 R:0.00446 P:0.00532 F:0.00485
1 ROUGE-4 Eval D1022-A.M.100.D.1 R:0.01762 P:0.01724 F:0.01743
1 ROUGE-4 Eval D1023-A.M.100.E.1 R:0.00000 P:0.00000 F:0.00000
1 ROUGE-4 Eval D1024-A.M.100.E.1 R:0.00000 P:0.00000 F:0.00000
1 ROUGE-4 Eval D1025-A.M.100.E.1 R:0.00467 P:0.00521 F:0.00493
1 ROUGE-4 Eval D1026-A.M.100.E.1 R:0.00450 P:0.00510 F:0.00478
1 ROUGE-4 Eval D1027-A.M.100.E.1 R:0.00417 P:0.00455 F:0.00435
1 ROUGE-4 Eval D1028-A.M.100.E.1 R:0.00439 P:0.00510 F:0.00472
1 ROUGE-4 Eval D1029-A.M.100.F.1 R:0.00000 P:0.00000 F:0.00000
1 ROUGE-4 Eval D1030-A.M.100.F.1 R:0.00000 P:0.00000 F:0.00000
1 ROUGE-4 Eval D1031-A.M.100.F.1 R:0.00000 P:0.00000 F:0.00000
1 ROUGE-4 Eval D1032-A.M.100.F.1 R:0.01200 P:0.01316 F:0.01255
1 ROUGE-4 Eval D1033-A.M.100.F.1 R:0.01739 P:0.01724 F:0.01731
1 ROUGE-4 Eval D1034-A.M.100.F.1 R:0.00000 P:0.00000 F:0.00000
1 ROUGE-4 Eval D1035-A.M.100.G.1 R:0.00000 P:0.00000 F:0.00000
1 ROUGE-4 Eval D1036-A.M.100.G.1 R:0.00000 P:0.00000 F:0.00000
1 ROUGE-4 Eval D1037-A.M.100.G.1 R:0.00000 P:0.00000 F:0.00000
1 ROUGE-4 Eval D1038-A.M.100.G.1 R:0.00000 P:0.00000 F:0.00000
1 ROUGE-4 Eval D1039-A.M.100.G.1 R:0.01288 P:0.01630 F:0.01439
1 ROUGE-4 Eval D1040-A.M.100.G.1 R:0.00448 P:0.00610 F:0.00517
1 ROUGE-4 Eval D1041-A.M.100.H.1 R:0.00826 P:0.01136 F:0.00957
1 ROUGE-4 Eval D1042-A.M.100.H.1 R:0.00000 P:0.00000 F:0.00000
1 ROUGE-4 Eval D1043-A.M.100.H.1 R:0.05357 P:0.05556 F:0.05455
1 ROUGE-4 Eval D1044-A.M.100.H.1 R:0.01778 P:0.02500 F:0.02078
1 ROUGE-4 Eval D1045-A.M.100.H.1 R:0.00413 P:0.00481 F:0.00444
1 ROUGE-4 Eval D1046-A.M.100.H.1 R:0.00000 P:0.00000 F:0.00000
